<?xml version="1.0" encoding="UTF-8"?>
<testng-results skipped="0" failed="1" ignored="0" total="2" passed="1">
  <reporter-output>
    <line>
      <![CDATA[<div "result">I logged into WordPress (PASSED : 4s)</div>]]>
    </line>
    <line>
      <![CDATA[<div "result">I create a new page (PASSED : 5s)</div>]]>
    </line>
    <line>
      <![CDATA[<div "result">Set title as &quot;Tech 17 Calendar&quot; (PASSED : 15s)</div>]]>
    </line>
    <line>
      <![CDATA[<div "result">I click on Page Builder (PASSED : 22s)</div>]]>
    </line>
    <line>
      <![CDATA[<div "result">I add Calendar Widget (PASSED : 10s)</div>]]>
    </line>
    <line>
      <![CDATA[<div "result">Publish Calendar Page (PASSED : 7s)</div>]]>
    </line>
    <line>
      <![CDATA[<div "result">the Calendar should be displayed in Page (PASSED : 6s)</div>]]>
    </line>
    <line>
      <![CDATA[<div "result">I logout from application (PASSED : 15s)</div>]]>
    </line>
    <line>
      <![CDATA[<div "result">I logged into WordPress (PASSED : 3s)</div>]]>
    </line>
    <line>
      <![CDATA[<div "result">I create a new page (PASSED : 5s)</div>]]>
    </line>
    <line>
      <![CDATA[<div "result">Set title as &quot;Tech 17 Team&quot; (PASSED : 16s)</div>]]>
    </line>
    <line>
      <![CDATA[<div "result">I click on Page Builder (PASSED : 22s)</div>]]>
    </line>
    <line>
      <![CDATA[<div "result">I add Gallery widgets (PASSED : 15s)</div>]]>
    </line>
    <line>
      <![CDATA[<div "result">Set title &quot;Meet My Team&quot; (PASSED : 5s)</div>]]>
    </line>
    <line>
      <![CDATA[<div "result">Add on Images (FAILED : 15s)</div>]]>
    </line>
    <line>
      <![CDATA[<div "result">Publish images in gallery (SKIPPED)</div>]]>
    </line>
    <line>
      <![CDATA[<div "result">Gallery images should be displayed (SKIPPED)</div>]]>
    </line>
    <line>
      <![CDATA[<div "result">I logout from application (SKIPPED)</div>]]>
    </line>
  </reporter-output>
  <suite name="Default suite" duration-ms="178677" started-at="2018-04-16T23:03:28Z" finished-at="2018-04-16T23:06:27Z">
    <groups>
      <group name="cucumber">
        <method signature="AbstractTestNGCucumberTests.runScenario(cucumber.api.testng.PickleEventWrapper, cucumber.api.testng.CucumberFeatureWrapper)[pri:0, instance:com.app.runners.CukesRunner@1ce92674]" name="runScenario" class="cucumber.api.testng.AbstractTestNGCucumberTests"/>
      </group> <!-- cucumber -->
    </groups>
    <test name="Default test" duration-ms="178677" started-at="2018-04-16T23:03:28Z" finished-at="2018-04-16T23:06:27Z">
      <class name="com.app.runners.CukesRunner">
        <test-method status="PASS" signature="setUpClass()[pri:0, instance:com.app.runners.CukesRunner@1ce92674]" name="setUpClass" is-config="true" duration-ms="287" started-at="2018-04-16T23:03:29Z" finished-at="2018-04-16T23:03:29Z">
          <reporter-output>
          </reporter-output>
        </test-method> <!-- setUpClass -->
        <test-method status="PASS" signature="runScenario(cucumber.api.testng.PickleEventWrapper, cucumber.api.testng.CucumberFeatureWrapper)[pri:0, instance:com.app.runners.CukesRunner@1ce92674]" name="runScenario" duration-ms="91544" started-at="2018-04-16T23:03:29Z" description="Runs Cucumber Scenarios" data-provider="scenarios" finished-at="2018-04-16T23:05:00Z">
          <params>
            <param index="0">
              <value>
                <![CDATA["Create Calendar using Pages"]]>
              </value>
            </param>
            <param index="1">
              <value>
                <![CDATA["Add Widgets"]]>
              </value>
            </param>
          </params>
          <reporter-output>
            <line>
              <![CDATA[<div "result">I logged into WordPress (PASSED : 4s)</div>]]>
            </line>
            <line>
              <![CDATA[<div "result">I create a new page (PASSED : 5s)</div>]]>
            </line>
            <line>
              <![CDATA[<div "result">Set title as &quot;Tech 17 Calendar&quot; (PASSED : 15s)</div>]]>
            </line>
            <line>
              <![CDATA[<div "result">I click on Page Builder (PASSED : 22s)</div>]]>
            </line>
            <line>
              <![CDATA[<div "result">I add Calendar Widget (PASSED : 10s)</div>]]>
            </line>
            <line>
              <![CDATA[<div "result">Publish Calendar Page (PASSED : 7s)</div>]]>
            </line>
            <line>
              <![CDATA[<div "result">the Calendar should be displayed in Page (PASSED : 6s)</div>]]>
            </line>
            <line>
              <![CDATA[<div "result">I logout from application (PASSED : 15s)</div>]]>
            </line>
          </reporter-output>
        </test-method> <!-- runScenario -->
        <test-method status="FAIL" signature="runScenario(cucumber.api.testng.PickleEventWrapper, cucumber.api.testng.CucumberFeatureWrapper)[pri:0, instance:com.app.runners.CukesRunner@1ce92674]" name="runScenario" duration-ms="86615" started-at="2018-04-16T23:05:00Z" description="Runs Cucumber Scenarios" data-provider="scenarios" finished-at="2018-04-16T23:06:27Z">
          <params>
            <param index="0">
              <value>
                <![CDATA["Add Image Gall"]]>
              </value>
            </param>
            <param index="1">
              <value>
                <![CDATA["Add Widgets"]]>
              </value>
            </param>
          </params>
          <exception class="org.openqa.selenium.ElementNotVisibleException">
            <message>
              <![CDATA[element not visible
  (Session info: chrome=65.0.3325.181)
  (Driver info: chromedriver=2.37.543627 (63642262d9fb93fb4ab52398be4286d844092a5e),platform=Windows NT 10.0.16299 x86_64) (WARNING: The server did not provide any stacktrace information)
Command duration or timeout: 0 milliseconds
Build info: version: '3.11.0', revision: 'e59cfb3', time: '2018-03-11T20:26:55.152Z'
System info: host: 'DESKTOP-MKO7866', ip: '192.168.12.239', os.name: 'Windows 10', os.arch: 'amd64', os.version: '10.0', java.version: '1.8.0_151'
Driver info: org.openqa.selenium.chrome.ChromeDriver
Capabilities {acceptInsecureCerts: false, acceptSslCerts: false, applicationCacheEnabled: false, browserConnectionEnabled: false, browserName: chrome, chrome: {chromedriverVersion: 2.37.543627 (63642262d9fb93..., userDataDir: C:\Users\Amine\AppData\Loca...}, cssSelectorsEnabled: true, databaseEnabled: false, handlesAlerts: true, hasTouchScreen: false, javascriptEnabled: true, locationContextEnabled: true, mobileEmulationEnabled: false, nativeEvents: true, networkConnectionEnabled: false, pageLoadStrategy: normal, platform: XP, platformName: XP, rotatable: false, setWindowRect: true, takesHeapSnapshot: true, takesScreenshot: true, unexpectedAlertBehaviour: , unhandledPromptBehavior: , version: 65.0.3325.181, webStorageEnabled: true}
Session ID: 6d53e0dcded8e54a94d84e59a208f2e8]]>
            </message>
            <full-stacktrace>
              <![CDATA[org.openqa.selenium.ElementNotVisibleException: element not visible
  (Session info: chrome=65.0.3325.181)
  (Driver info: chromedriver=2.37.543627 (63642262d9fb93fb4ab52398be4286d844092a5e),platform=Windows NT 10.0.16299 x86_64) (WARNING: The server did not provide any stacktrace information)
Command duration or timeout: 0 milliseconds
Build info: version: '3.11.0', revision: 'e59cfb3', time: '2018-03-11T20:26:55.152Z'
System info: host: 'DESKTOP-MKO7866', ip: '192.168.12.239', os.name: 'Windows 10', os.arch: 'amd64', os.version: '10.0', java.version: '1.8.0_151'
Driver info: org.openqa.selenium.chrome.ChromeDriver
Capabilities {acceptInsecureCerts: false, acceptSslCerts: false, applicationCacheEnabled: false, browserConnectionEnabled: false, browserName: chrome, chrome: {chromedriverVersion: 2.37.543627 (63642262d9fb93..., userDataDir: C:\Users\Amine\AppData\Loca...}, cssSelectorsEnabled: true, databaseEnabled: false, handlesAlerts: true, hasTouchScreen: false, javascriptEnabled: true, locationContextEnabled: true, mobileEmulationEnabled: false, nativeEvents: true, networkConnectionEnabled: false, pageLoadStrategy: normal, platform: XP, platformName: XP, rotatable: false, setWindowRect: true, takesHeapSnapshot: true, takesScreenshot: true, unexpectedAlertBehaviour: , unhandledPromptBehavior: , version: 65.0.3325.181, webStorageEnabled: true}
Session ID: 6d53e0dcded8e54a94d84e59a208f2e8
at sun.reflect.NativeConstructorAccessorImpl.newInstance0(Native Method)
at sun.reflect.NativeConstructorAccessorImpl.newInstance(Unknown Source)
at sun.reflect.DelegatingConstructorAccessorImpl.newInstance(Unknown Source)
at java.lang.reflect.Constructor.newInstance(Unknown Source)
at org.openqa.selenium.remote.ErrorHandler.createThrowable(ErrorHandler.java:214)
at org.openqa.selenium.remote.ErrorHandler.throwIfResponseFailed(ErrorHandler.java:166)
at org.openqa.selenium.remote.http.JsonHttpResponseCodec.reconstructValue(JsonHttpResponseCodec.java:40)
at org.openqa.selenium.remote.http.AbstractHttpResponseCodec.decode(AbstractHttpResponseCodec.java:80)
at org.openqa.selenium.remote.http.AbstractHttpResponseCodec.decode(AbstractHttpResponseCodec.java:44)
at org.openqa.selenium.remote.HttpCommandExecutor.execute(HttpCommandExecutor.java:158)
at org.openqa.selenium.remote.service.DriverCommandExecutor.execute(DriverCommandExecutor.java:83)
at org.openqa.selenium.remote.RemoteWebDriver.execute(RemoteWebDriver.java:545)
at org.openqa.selenium.remote.RemoteWebElement.execute(RemoteWebElement.java:279)
at org.openqa.selenium.remote.RemoteWebElement.sendKeys(RemoteWebElement.java:100)
at sun.reflect.NativeMethodAccessorImpl.invoke0(Native Method)
at sun.reflect.NativeMethodAccessorImpl.invoke(Unknown Source)
at sun.reflect.DelegatingMethodAccessorImpl.invoke(Unknown Source)
at java.lang.reflect.Method.invoke(Unknown Source)
at org.openqa.selenium.support.pagefactory.internal.LocatingElementHandler.invoke(LocatingElementHandler.java:51)
at com.sun.proxy.$Proxy16.sendKeys(Unknown Source)
at com.app.step_definitions.WidgetsTestStepDefiniton.add_on_Images(WidgetsTestStepDefiniton.java:109)
at âœ½.Add on Images(src/test/resources/com/app/features/create_widgets.feature:22)
]]>
            </full-stacktrace>
          </exception> <!-- org.openqa.selenium.ElementNotVisibleException -->
          <reporter-output>
            <line>
              <![CDATA[<div "result">I logged into WordPress (PASSED : 3s)</div>]]>
            </line>
            <line>
              <![CDATA[<div "result">I create a new page (PASSED : 5s)</div>]]>
            </line>
            <line>
              <![CDATA[<div "result">Set title as &quot;Tech 17 Team&quot; (PASSED : 16s)</div>]]>
            </line>
            <line>
              <![CDATA[<div "result">I click on Page Builder (PASSED : 22s)</div>]]>
            </line>
            <line>
              <![CDATA[<div "result">I add Gallery widgets (PASSED : 15s)</div>]]>
            </line>
            <line>
              <![CDATA[<div "result">Set title &quot;Meet My Team&quot; (PASSED : 5s)</div>]]>
            </line>
            <line>
              <![CDATA[<div "result">Add on Images (FAILED : 15s)</div>]]>
            </line>
            <line>
              <![CDATA[<div "result">Publish images in gallery (SKIPPED)</div>]]>
            </line>
            <line>
              <![CDATA[<div "result">Gallery images should be displayed (SKIPPED)</div>]]>
            </line>
            <line>
              <![CDATA[<div "result">I logout from application (SKIPPED)</div>]]>
            </line>
          </reporter-output>
        </test-method> <!-- runScenario -->
        <test-method status="PASS" signature="tearDownClass()[pri:0, instance:com.app.runners.CukesRunner@1ce92674]" name="tearDownClass" is-config="true" duration-ms="116" started-at="2018-04-16T23:06:27Z" finished-at="2018-04-16T23:06:27Z">
          <reporter-output>
          </reporter-output>
        </test-method> <!-- tearDownClass -->
      </class> <!-- com.app.runners.CukesRunner -->
    </test> <!-- Default test -->
  </suite> <!-- Default suite -->
</testng-results>
