<?xml version="1.0" encoding="UTF-8"?>
<testng-results skipped="0" failed="0" ignored="0" total="5" passed="5">
  <reporter-output>
    <line>
      <![CDATA[<div "result">I logged into WordPress (PASSED : 3s)</div>]]>
    </line>
    <line>
      <![CDATA[<div "result">I click on Comments (PASSED : 0s)</div>]]>
    </line>
    <line>
      <![CDATA[<div "result">i click on &quot;All&quot; (PASSED : 0s)</div>]]>
    </line>
    <line>
      <![CDATA[<div "result">Verifying how many comments posted (PASSED : 0s)</div>]]>
    </line>
    <line>
      <![CDATA[<div "result">I logout from application (PASSED : 15s)</div>]]>
    </line>
    <line>
      <![CDATA[<div "result">I logged into WordPress (PASSED : 3s)</div>]]>
    </line>
    <line>
      <![CDATA[<div "result">I click on Comments (PASSED : 0s)</div>]]>
    </line>
    <line>
      <![CDATA[<div "result">I click on Tech17 reply and send text and reply (PASSED : 0s)</div>]]>
    </line>
    <line>
      <![CDATA[<div "result">I click on View Post and posting new comment (PASSED : 1s)</div>]]>
    </line>
    <line>
      <![CDATA[<div "result">In same page posting new comment (PASSED : 0s)</div>]]>
    </line>
    <line>
      <![CDATA[<div "result">I logout from application (PASSED : 15s)</div>]]>
    </line>
    <line>
      <![CDATA[<div "result">I logged into WordPress (PASSED : 4s)</div>]]>
    </line>
    <line>
      <![CDATA[<div "result">I click on Appearance&#x2F;Menus (PASSED : 6s)</div>]]>
    </line>
    <line>
      <![CDATA[<div "result">I click on &quot;Custom Links&quot; (PASSED : 0s)</div>]]>
    </line>
    <line>
      <![CDATA[<div "result">the new menu item should be displayed in Menu Structure (PASSED : 0s)</div>]]>
    </line>
    <line>
      <![CDATA[<div "result">I logout from application (PASSED : 15s)</div>]]>
    </line>
    <line>
      <![CDATA[<div "result">I logged into WordPress (PASSED : 4s)</div>]]>
    </line>
    <line>
      <![CDATA[<div "result">I click on Appearance&#x2F;Menus (PASSED : 6s)</div>]]>
    </line>
    <line>
      <![CDATA[<div "result">I create &quot;Posts&quot; click on check box (PASSED : 5s)</div>]]>
    </line>
    <line>
      <![CDATA[<div "result">the new menu item should be displayed in Menu Structure (PASSED : 0s)</div>]]>
    </line>
    <line>
      <![CDATA[<div "result">I logout from application (PASSED : 15s)</div>]]>
    </line>
    <line>
      <![CDATA[<div "result">I logged into WordPress (PASSED : 4s)</div>]]>
    </line>
    <line>
      <![CDATA[<div "result">I click on Appearance&#x2F;Menus (PASSED : 6s)</div>]]>
    </line>
    <line>
      <![CDATA[<div "result">I am creating &quot;Pages&quot; click on Smoke Test check box (PASSED : 5s)</div>]]>
    </line>
    <line>
      <![CDATA[<div "result">the new menu item should be displayed in Menu Structure (PASSED : 0s)</div>]]>
    </line>
    <line>
      <![CDATA[<div "result">I logout from application (PASSED : 15s)</div>]]>
    </line>
  </reporter-output>
  <suite name="Default suite" duration-ms="150400" started-at="2018-04-16T19:37:50Z" finished-at="2018-04-16T19:40:20Z">
    <groups>
      <group name="cucumber">
        <method signature="AbstractTestNGCucumberTests.runScenario(cucumber.api.testng.PickleEventWrapper, cucumber.api.testng.CucumberFeatureWrapper)[pri:0, instance:com.app.runners.CukesRunner@1ce92674]" name="runScenario" class="cucumber.api.testng.AbstractTestNGCucumberTests"/>
      </group> <!-- cucumber -->
    </groups>
    <test name="Default test" duration-ms="150400" started-at="2018-04-16T19:37:50Z" finished-at="2018-04-16T19:40:20Z">
      <class name="com.app.runners.CukesRunner">
        <test-method status="PASS" signature="setUpClass()[pri:0, instance:com.app.runners.CukesRunner@1ce92674]" name="setUpClass" is-config="true" duration-ms="296" started-at="2018-04-16T19:37:50Z" finished-at="2018-04-16T19:37:50Z">
          <reporter-output>
          </reporter-output>
        </test-method> <!-- setUpClass -->
        <test-method status="PASS" signature="runScenario(cucumber.api.testng.PickleEventWrapper, cucumber.api.testng.CucumberFeatureWrapper)[pri:0, instance:com.app.runners.CukesRunner@1ce92674]" name="runScenario" duration-ms="25021" started-at="2018-04-16T19:37:50Z" description="Runs Cucumber Scenarios" data-provider="scenarios" finished-at="2018-04-16T19:38:15Z">
          <params>
            <param index="0">
              <value>
                <![CDATA["Check Comments"]]>
              </value>
            </param>
            <param index="1">
              <value>
                <![CDATA["Adding comment"]]>
              </value>
            </param>
          </params>
          <reporter-output>
            <line>
              <![CDATA[<div "result">I logged into WordPress (PASSED : 3s)</div>]]>
            </line>
            <line>
              <![CDATA[<div "result">I click on Comments (PASSED : 0s)</div>]]>
            </line>
            <line>
              <![CDATA[<div "result">i click on &quot;All&quot; (PASSED : 0s)</div>]]>
            </line>
            <line>
              <![CDATA[<div "result">Verifying how many comments posted (PASSED : 0s)</div>]]>
            </line>
            <line>
              <![CDATA[<div "result">I logout from application (PASSED : 15s)</div>]]>
            </line>
          </reporter-output>
        </test-method> <!-- runScenario -->
        <test-method status="PASS" signature="runScenario(cucumber.api.testng.PickleEventWrapper, cucumber.api.testng.CucumberFeatureWrapper)[pri:0, instance:com.app.runners.CukesRunner@1ce92674]" name="runScenario" duration-ms="25774" started-at="2018-04-16T19:38:15Z" description="Runs Cucumber Scenarios" data-provider="scenarios" finished-at="2018-04-16T19:38:41Z">
          <params>
            <param index="0">
              <value>
                <![CDATA["Check Comments"]]>
              </value>
            </param>
            <param index="1">
              <value>
                <![CDATA["Adding comment"]]>
              </value>
            </param>
          </params>
          <reporter-output>
            <line>
              <![CDATA[<div "result">I logged into WordPress (PASSED : 3s)</div>]]>
            </line>
            <line>
              <![CDATA[<div "result">I click on Comments (PASSED : 0s)</div>]]>
            </line>
            <line>
              <![CDATA[<div "result">I click on Tech17 reply and send text and reply (PASSED : 0s)</div>]]>
            </line>
            <line>
              <![CDATA[<div "result">I click on View Post and posting new comment (PASSED : 1s)</div>]]>
            </line>
            <line>
              <![CDATA[<div "result">In same page posting new comment (PASSED : 0s)</div>]]>
            </line>
            <line>
              <![CDATA[<div "result">I logout from application (PASSED : 15s)</div>]]>
            </line>
          </reporter-output>
        </test-method> <!-- runScenario -->
        <test-method status="PASS" signature="runScenario(cucumber.api.testng.PickleEventWrapper, cucumber.api.testng.CucumberFeatureWrapper)[pri:0, instance:com.app.runners.CukesRunner@1ce92674]" name="runScenario" duration-ms="29912" started-at="2018-04-16T19:38:41Z" description="Runs Cucumber Scenarios" data-provider="scenarios" finished-at="2018-04-16T19:39:11Z">
          <params>
            <param index="0">
              <value>
                <![CDATA["Adding new page to menu"]]>
              </value>
            </param>
            <param index="1">
              <value>
                <![CDATA["Editing the menus"]]>
              </value>
            </param>
          </params>
          <reporter-output>
            <line>
              <![CDATA[<div "result">I logged into WordPress (PASSED : 4s)</div>]]>
            </line>
            <line>
              <![CDATA[<div "result">I click on Appearance&#x2F;Menus (PASSED : 6s)</div>]]>
            </line>
            <line>
              <![CDATA[<div "result">I click on &quot;Custom Links&quot; (PASSED : 0s)</div>]]>
            </line>
            <line>
              <![CDATA[<div "result">the new menu item should be displayed in Menu Structure (PASSED : 0s)</div>]]>
            </line>
            <line>
              <![CDATA[<div "result">I logout from application (PASSED : 15s)</div>]]>
            </line>
          </reporter-output>
        </test-method> <!-- runScenario -->
        <test-method status="PASS" signature="runScenario(cucumber.api.testng.PickleEventWrapper, cucumber.api.testng.CucumberFeatureWrapper)[pri:0, instance:com.app.runners.CukesRunner@1ce92674]" name="runScenario" duration-ms="34463" started-at="2018-04-16T19:39:11Z" description="Runs Cucumber Scenarios" data-provider="scenarios" finished-at="2018-04-16T19:39:45Z">
          <params>
            <param index="0">
              <value>
                <![CDATA["Adding new page to menu"]]>
              </value>
            </param>
            <param index="1">
              <value>
                <![CDATA["Editing the menus"]]>
              </value>
            </param>
          </params>
          <reporter-output>
            <line>
              <![CDATA[<div "result">I logged into WordPress (PASSED : 4s)</div>]]>
            </line>
            <line>
              <![CDATA[<div "result">I click on Appearance&#x2F;Menus (PASSED : 6s)</div>]]>
            </line>
            <line>
              <![CDATA[<div "result">I create &quot;Posts&quot; click on check box (PASSED : 5s)</div>]]>
            </line>
            <line>
              <![CDATA[<div "result">the new menu item should be displayed in Menu Structure (PASSED : 0s)</div>]]>
            </line>
            <line>
              <![CDATA[<div "result">I logout from application (PASSED : 15s)</div>]]>
            </line>
          </reporter-output>
        </test-method> <!-- runScenario -->
        <test-method status="PASS" signature="runScenario(cucumber.api.testng.PickleEventWrapper, cucumber.api.testng.CucumberFeatureWrapper)[pri:0, instance:com.app.runners.CukesRunner@1ce92674]" name="runScenario" duration-ms="34626" started-at="2018-04-16T19:39:45Z" description="Runs Cucumber Scenarios" data-provider="scenarios" finished-at="2018-04-16T19:40:20Z">
          <params>
            <param index="0">
              <value>
                <![CDATA["Adding new page to menu"]]>
              </value>
            </param>
            <param index="1">
              <value>
                <![CDATA["Editing the menus"]]>
              </value>
            </param>
          </params>
          <reporter-output>
            <line>
              <![CDATA[<div "result">I logged into WordPress (PASSED : 4s)</div>]]>
            </line>
            <line>
              <![CDATA[<div "result">I click on Appearance&#x2F;Menus (PASSED : 6s)</div>]]>
            </line>
            <line>
              <![CDATA[<div "result">I am creating &quot;Pages&quot; click on Smoke Test check box (PASSED : 5s)</div>]]>
            </line>
            <line>
              <![CDATA[<div "result">the new menu item should be displayed in Menu Structure (PASSED : 0s)</div>]]>
            </line>
            <line>
              <![CDATA[<div "result">I logout from application (PASSED : 15s)</div>]]>
            </line>
          </reporter-output>
        </test-method> <!-- runScenario -->
        <test-method status="PASS" signature="tearDownClass()[pri:0, instance:com.app.runners.CukesRunner@1ce92674]" name="tearDownClass" is-config="true" duration-ms="169" started-at="2018-04-16T19:40:20Z" finished-at="2018-04-16T19:40:20Z">
          <reporter-output>
          </reporter-output>
        </test-method> <!-- tearDownClass -->
      </class> <!-- com.app.runners.CukesRunner -->
    </test> <!-- Default test -->
  </suite> <!-- Default suite -->
</testng-results>
