<?xml version="1.0" encoding="UTF-8"?>
<testng-results skipped="0" failed="0" ignored="0" total="1" passed="1">
  <reporter-output>
  </reporter-output>
  <suite name="SuiteCRM Regression Automation" duration-ms="1499" started-at="2018-04-08T02:39:30Z" finished-at="2018-04-08T02:39:32Z">
    <groups>
      <group name="cucumber">
        <method signature="AbstractTestNGCucumberTests.runScenario(cucumber.api.testng.PickleEventWrapper, cucumber.api.testng.CucumberFeatureWrapper)[pri:0, instance:com.app.runners.SmokeTestRunner@1ce92674]" name="runScenario" class="cucumber.api.testng.AbstractTestNGCucumberTests"/>
      </group> <!-- cucumber -->
    </groups>
    <test name="Automated tests" duration-ms="1499" started-at="2018-04-08T02:39:30Z" finished-at="2018-04-08T02:39:32Z">
      <class name="com.app.runners.SmokeTestRunner">
        <test-method status="PASS" signature="setUpClass()[pri:0, instance:com.app.runners.SmokeTestRunner@1ce92674]" name="setUpClass" is-config="true" duration-ms="492" started-at="2018-04-08T02:39:30Z" finished-at="2018-04-08T02:39:31Z">
          <reporter-output>
          </reporter-output>
        </test-method> <!-- setUpClass -->
        <test-method status="PASS" signature="runScenario(cucumber.api.testng.PickleEventWrapper, cucumber.api.testng.CucumberFeatureWrapper)[pri:0, instance:com.app.runners.SmokeTestRunner@1ce92674]" name="runScenario" duration-ms="32" started-at="2018-04-08T02:39:31Z" description="Runs Cucumber Scenarios" data-provider="scenarios" finished-at="2018-04-08T02:39:31Z">
          <params>
            <param index="0">
              <value>
                <![CDATA["Create Calendar"]]>
              </value>
            </param>
            <param index="1">
              <value>
                <![CDATA["Add Widgets"]]>
              </value>
            </param>
          </params>
          <reporter-output>
          </reporter-output>
        </test-method> <!-- runScenario -->
        <test-method status="PASS" signature="tearDownClass()[pri:0, instance:com.app.runners.SmokeTestRunner@1ce92674]" name="tearDownClass" is-config="true" duration-ms="524" started-at="2018-04-08T02:39:31Z" finished-at="2018-04-08T02:39:32Z">
          <reporter-output>
          </reporter-output>
        </test-method> <!-- tearDownClass -->
      </class> <!-- com.app.runners.SmokeTestRunner -->
    </test> <!-- Automated tests -->
  </suite> <!-- SuiteCRM Regression Automation -->
</testng-results>
